<?xml version="1.0" encoding="utf-8" standalone="no"?>
<!--This file represents the results of running a test suite-->
<test-results name="C:\Users\neeraja.vedulla\Documents\Visual Studio 2010\Projects\ConsoleApplication2\mathtest\bin\Debug\mathtest.dll" total="1" errors="1" failures="0" not-run="0" inconclusive="0" ignored="0" skipped="0" invalid="0" date="2014-11-27" time="18:10:18">
  <environment nunit-version="2.6.3.13283" clr-version="2.0.50727.5485" os-version="Microsoft Windows NT 6.1.7601 Service Pack 1" platform="Win32NT" cwd="C:\Program Files (x86)\NUnit 2.6.3\bin" machine-name="INVILOGIC011" user="neeraja.vedulla" user-domain="INVILOGIC" />
  <culture-info current-culture="en-US" current-uiculture="en-US" />
  <test-suite type="Assembly" name="C:\Users\neeraja.vedulla\Documents\Visual Studio 2010\Projects\ConsoleApplication2\mathtest\bin\Debug\mathtest.dll" executed="True" result="Failure" success="False" time="0.075" asserts="0">
    <results>
      <test-suite type="Namespace" name="mathtest" executed="True" result="Failure" success="False" time="0.055" asserts="0">
        <results>
          <test-suite type="TestFixture" name="Class1" executed="True" result="Failure" success="False" time="0.052" asserts="0">
            <results>
              <test-case name="mathtest.Class1.addtest" executed="True" result="Error" success="False" time="0.035" asserts="0">
                <failure>
                  <message><![CDATA[System.BadImageFormatException : Could not load file or assembly 'ConsoleApplication2, Version=1.0.0.0, Culture=neutral, PublicKeyToken=null' or one of its dependencies. An attempt was made to load a program with an incorrect format.]]></message>
                  <stack-trace><![CDATA[at mathtest.Class1.addtest()
]]></stack-trace>
                </failure>
              </test-case>
            </results>
          </test-suite>
        </results>
      </test-suite>
    </results>
  </test-suite>
</test-results>